GROUP,PACKAGE,CLASS,INSTRUCTION_MISSED,INSTRUCTION_COVERED,BRANCH_MISSED,BRANCH_COVERED,LINE_MISSED,LINE_COVERED,COMPLEXITY_MISSED,COMPLEXITY_COVERED,METHOD_MISSED,METHOD_COVERED
automated-tests-with-java-erudio,br.com.erudio,Main,7,0,0,0,3,0,2,0,2,0
automated-tests-with-java-erudio,br.com.erudio.mockito.constructor,CheckoutService,12,0,0,0,3,0,2,0,2,0
automated-tests-with-java-erudio,br.com.erudio.mockito.constructor,PaymentProcessor,33,0,0,0,11,0,4,0,4,0
automated-tests-with-java-erudio,br.com.erudio.mockito.services,Order,31,0,0,0,13,0,9,0,9,0
automated-tests-with-java-erudio,br.com.erudio.mockito.services,OrderService,26,0,2,0,7,0,3,0,2,0
automated-tests-with-java-erudio,br.com.erudio.mockito.staticwithparams,MyUtils,11,0,2,0,4,0,3,0,2,0
automated-tests-with-java-erudio,br.com.erudio.business,CourseBuseness,67,0,10,0,17,0,8,0,3,0
